2022-02-24 12:27:54,633 - INFO - mumu_nunuww_INT_T1_12_6TeV
2022-02-24 12:27:54,633 - INFO - EVENT SELECTION:
	0: n(leptons) == 0 -- ON
	1: n(jets) == 2 -- ON
	2: M_miss > 200 GeV -- ON
	3: |cos(theta_j)| < 0.8 -- ON
	4: pT_{leading jet} > 100 GeV -- ON

2022-02-24 12:27:54,668 - INFO - mumu_nunuww_QUAD_T1_12_6TeV
2022-02-24 12:27:54,668 - INFO - EVENT SELECTION:
	0: n(leptons) == 0 -- ON
	1: n(jets) == 2 -- ON
	2: M_miss > 200 GeV -- ON
	3: |cos(theta_j)| < 0.8 -- ON
	4: pT_{leading jet} > 100 GeV -- ON

2022-02-24 12:27:54,721 - INFO - mumu_nunuww_SM_6TeV
2022-02-24 12:27:54,721 - INFO - EVENT SELECTION:
	0: n(leptons) == 0 -- ON
	1: n(jets) == 2 -- ON
	2: M_miss > 200 GeV -- ON
	3: |cos(theta_j)| < 0.8 -- ON
	4: pT_{leading jet} > 100 GeV -- ON

2022-02-24 12:27:54,772 - INFO - ggwpwm_6tev
2022-02-24 12:27:54,773 - INFO - EVENT SELECTION:
	0: n(leptons) == 0 -- ON
	1: n(jets) == 2 -- ON
	2: M_miss > 200 GeV -- ON
	3: |cos(theta_j)| < 0.8 -- ON
	4: pT_{leading jet} > 100 GeV -- ON

2022-02-24 12:27:54,912 - INFO - wzmunu_6tev
2022-02-24 12:27:54,913 - INFO - EVENT SELECTION:
	0: n(leptons) == 0 -- ON
	1: n(jets) == 2 -- ON
	2: M_miss > 200 GeV -- ON
	3: |cos(theta_j)| < 0.8 -- ON
	4: pT_{leading jet} > 100 GeV -- ON

2022-02-24 12:27:54,913 - INFO - zzmumu_6tev
2022-02-24 12:27:54,913 - INFO - EVENT SELECTION:
	0: n(leptons) == 0 -- ON
	1: n(jets) == 2 -- ON
	2: M_miss > 200 GeV -- ON
	3: |cos(theta_j)| < 0.8 -- ON
	4: pT_{leading jet} > 100 GeV -- ON

2022-02-24 12:27:55,002 - INFO - wpwmz_ztonunu_6tev
2022-02-24 12:27:55,003 - INFO - EVENT SELECTION:
	0: n(leptons) == 0 -- ON
	1: n(jets) == 2 -- ON
	2: M_miss > 200 GeV -- ON
	3: |cos(theta_j)| < 0.8 -- ON
	4: pT_{leading jet} > 100 GeV -- ON

2022-02-24 12:28:24,064 - INFO - mumu_nunuww_SM_6TeV
2022-02-24 12:28:24,064 - INFO - EVENT SELECTION EFFICIENCY:
	0 -- n(leptons) == 0: 64.89%
	1 -- n(jets) == 2: 97.63%
	2 -- M_miss > 200 GeV: 99.94%
	3 -- |cos(theta_j)| < 0.8: 26.60%
	4 -- pT_{leading jet} > 100 GeV: 33.02%
	total: 5.56%


2022-02-24 12:28:25,241 - INFO - mumu_nunuww_QUAD_T1_12_6TeV
2022-02-24 12:28:25,242 - INFO - EVENT SELECTION EFFICIENCY:
	0 -- n(leptons) == 0: 60.39%
	1 -- n(jets) == 2: 99.42%
	2 -- M_miss > 200 GeV: 96.79%
	3 -- |cos(theta_j)| < 0.8: 54.55%
	4 -- pT_{leading jet} > 100 GeV: 96.69%
	total: 30.65%


2022-02-24 12:28:27,510 - INFO - mumu_nunuww_INT_T1_12_6TeV
2022-02-24 12:28:27,510 - INFO - EVENT SELECTION EFFICIENCY:
	0 -- n(leptons) == 0: 64.80%
	1 -- n(jets) == 2: 96.94%
	2 -- M_miss > 200 GeV: 98.73%
	3 -- |cos(theta_j)| < 0.8: 29.97%
	4 -- pT_{leading jet} > 100 GeV: 88.11%
	total: 16.38%


2022-02-24 12:33:18,223 - INFO - ggwpwm_6tev
2022-02-24 12:33:18,224 - INFO - EVENT SELECTION EFFICIENCY:
	0 -- n(leptons) == 0: 63.15%
	1 -- n(jets) == 2: 96.73%
	2 -- M_miss > 200 GeV: 100.00%
	3 -- |cos(theta_j)| < 0.8: 23.31%
	4 -- pT_{leading jet} > 100 GeV: 12.78%
	total: 1.82%


2022-02-24 13:00:37,264 - INFO - zzmumu_6tev
2022-02-24 13:00:37,286 - INFO - EVENT SELECTION EFFICIENCY:
	0 -- n(leptons) == 0: 25.88%
	1 -- n(jets) == 2: 88.59%
	2 -- M_miss > 200 GeV: 99.71%
	3 -- |cos(theta_j)| < 0.8: 27.47%
	4 -- pT_{leading jet} > 100 GeV: 34.71%
	total: 2.18%


2022-02-24 13:01:07,629 - INFO - wzmunu_6tev
2022-02-24 13:01:07,629 - INFO - EVENT SELECTION EFFICIENCY:
	0 -- n(leptons) == 0: 62.03%
	1 -- n(jets) == 2: 95.99%
	2 -- M_miss > 200 GeV: 99.99%
	3 -- |cos(theta_j)| < 0.8: 25.18%
	4 -- pT_{leading jet} > 100 GeV: 28.27%
	total: 4.24%


2022-02-24 13:20:46,633 - INFO - wpwmz_ztonunu_6tev
2022-02-24 13:20:46,634 - INFO - EVENT SELECTION EFFICIENCY:
	0 -- n(leptons) == 0: 72.77%
	1 -- n(jets) == 2: 81.34%
	2 -- M_miss > 200 GeV: 91.82%
	3 -- |cos(theta_j)| < 0.8: 25.18%
	4 -- pT_{leading jet} > 100 GeV: 71.50%
	total: 9.79%


